#! /usr/local/bin/vvp
:ivl_version "11.0 (stable)" "(v11_0-132-gb2f2414f4)";
:ivl_delay_selection "TYPICAL";
:vpi_time_precision + 0;
:vpi_module "/usr/local/lib/ivl/system.vpi";
:vpi_module "/usr/local/lib/ivl/vhdl_sys.vpi";
:vpi_module "/usr/local/lib/ivl/vhdl_textio.vpi";
:vpi_module "/usr/local/lib/ivl/v2005_math.vpi";
:vpi_module "/usr/local/lib/ivl/va_math.vpi";
S_0x557c28a70350 .scope module, "d_ff_tb" "d_ff_tb" 2 1;
 .timescale 0 0;
v0x557c28a82a80_0 .var "clk", 0 0;
v0x557c28a82b40_0 .var "d", 0 0;
v0x557c28a82c10_0 .net "q", 0 0, v0x557c28a82840_0;  1 drivers
v0x557c28a82d10_0 .var "rstn", 0 0;
S_0x557c28a704e0 .scope module, "dut" "d_ff" 2 6, 3 1 0, S_0x557c28a70350;
 .timescale 0 0;
    .port_info 0 /INPUT 1 "rstn";
    .port_info 1 /INPUT 1 "clk";
    .port_info 2 /INPUT 1 "d";
    .port_info 3 /OUTPUT 1 "q";
v0x557c28a70730_0 .net "clk", 0 0, v0x557c28a82a80_0;  1 drivers
v0x557c28a82780_0 .net "d", 0 0, v0x557c28a82b40_0;  1 drivers
v0x557c28a82840_0 .var "q", 0 0;
v0x557c28a82910_0 .net "rstn", 0 0, v0x557c28a82d10_0;  1 drivers
E_0x557c28a6f920/0 .event negedge, v0x557c28a70730_0;
E_0x557c28a6f920/1 .event posedge, v0x557c28a70730_0;
E_0x557c28a6f920 .event/or E_0x557c28a6f920/0, E_0x557c28a6f920/1;
    .scope S_0x557c28a704e0;
T_0 ;
    %wait E_0x557c28a6f920;
    %load/vec4 v0x557c28a82910_0;
    %nor/r;
    %flag_set/vec4 8;
    %jmp/0xz  T_0.0, 8;
    %pushi/vec4 0, 0, 1;
    %assign/vec4 v0x557c28a82840_0, 0;
    %jmp T_0.1;
T_0.0 ;
    %load/vec4 v0x557c28a82780_0;
    %assign/vec4 v0x557c28a82840_0, 0;
T_0.1 ;
    %jmp T_0;
    .thread T_0;
    .scope S_0x557c28a70350;
T_1 ;
    %vpi_call 2 9 "$dumpfile", "d_ff.vcd" {0 0 0};
    %vpi_call 2 10 "$dumpvars", 32'sb00000000000000000000000000000000, S_0x557c28a70350 {0 0 0};
    %end;
    .thread T_1;
    .scope S_0x557c28a70350;
T_2 ;
T_2.0 ;
    %delay 5, 0;
    %load/vec4 v0x557c28a82a80_0;
    %inv;
    %store/vec4 v0x557c28a82a80_0, 0, 1;
    %jmp T_2.0;
    %end;
    .thread T_2;
    .scope S_0x557c28a70350;
T_3 ;
    %pushi/vec4 0, 0, 1;
    %store/vec4 v0x557c28a82a80_0, 0, 1;
    %pushi/vec4 0, 0, 1;
    %store/vec4 v0x557c28a82d10_0, 0, 1;
    %pushi/vec4 0, 0, 1;
    %store/vec4 v0x557c28a82b40_0, 0, 1;
    %delay 5, 0;
    %pushi/vec4 1, 0, 1;
    %store/vec4 v0x557c28a82d10_0, 0, 1;
    %delay 5, 0;
    %pushi/vec4 1, 0, 1;
    %store/vec4 v0x557c28a82b40_0, 0, 1;
    %delay 5, 0;
    %pushi/vec4 0, 0, 1;
    %store/vec4 v0x557c28a82d10_0, 0, 1;
    %delay 40, 0;
    %vpi_call 2 24 "$finish" {0 0 0};
    %end;
    .thread T_3;
# The file index is used to find the file name in the following table.
:file_names 4;
    "N/A";
    "<interactive>";
    "d_ff_tb.v";
    "d_ff.v";
